f:\dev\featherfallengine\bin\debug\featherfall-examples\intermediates\vc141.pdb
f:\dev\featherfallengine\bin\debug\featherfall-examples\intermediates\vc141.idb
f:\dev\featherfallengine\bin\debug\featherfall-examples\intermediates\texturetestscene.obj
f:\dev\featherfallengine\bin\debug\featherfall-examples\intermediates\texturetestscene.asm
f:\dev\featherfallengine\bin\debug\featherfall-examples\intermediates\testscene.obj
f:\dev\featherfallengine\bin\debug\featherfall-examples\intermediates\testscene.asm
f:\dev\featherfallengine\bin\debug\featherfall-examples\intermediates\simplerendererscene.obj
f:\dev\featherfallengine\bin\debug\featherfall-examples\intermediates\simplerendererscene.asm
f:\dev\featherfallengine\bin\debug\featherfall-examples\intermediates\scene.obj
f:\dev\featherfallengine\bin\debug\featherfall-examples\intermediates\scene.asm
f:\dev\featherfallengine\bin\debug\featherfall-examples\intermediates\sandboxscene.obj
f:\dev\featherfallengine\bin\debug\featherfall-examples\intermediates\sandboxscene.asm
f:\dev\featherfallengine\bin\debug\featherfall-examples\intermediates\mandelbrotscene.obj
f:\dev\featherfallengine\bin\debug\featherfall-examples\intermediates\mandelbrotscene.asm
f:\dev\featherfallengine\bin\debug\featherfall-examples\intermediates\mainmenuscene.obj
f:\dev\featherfallengine\bin\debug\featherfall-examples\intermediates\mainmenuscene.asm
f:\dev\featherfallengine\bin\debug\featherfall-examples\intermediates\computeshaderscene.obj
f:\dev\featherfallengine\bin\debug\featherfall-examples\intermediates\computeshaderscene.asm
f:\dev\featherfallengine\bin\debug\featherfall-examples\intermediates\bufferstestscene.obj
f:\dev\featherfallengine\bin\debug\featherfall-examples\intermediates\bufferstestscene.asm
f:\dev\featherfallengine\bin\debug\featherfall-examples\intermediates\boidscene.obj
f:\dev\featherfallengine\bin\debug\featherfall-examples\intermediates\boidscene.asm
f:\dev\featherfallengine\bin\debug\featherfall-examples\intermediates\batchrendererscene.obj
f:\dev\featherfallengine\bin\debug\featherfall-examples\intermediates\batchrendererscene.asm
f:\dev\featherfallengine\bin\debug\featherfall-examples\intermediates\boid.obj
f:\dev\featherfallengine\bin\debug\featherfall-examples\intermediates\boid.asm
f:\dev\featherfallengine\bin\debug\featherfall-examples\intermediates\application.obj
f:\dev\featherfallengine\bin\debug\featherfall-examples\intermediates\application.asm
f:\dev\featherfallengine\bin\debug\featherfall-examples\intermediates\layerscene.obj
f:\dev\featherfallengine\bin\debug\featherfall-examples\intermediates\layerscene.asm
l:\dev\featherfallengine\bin\debug\featherfall-examples\intermediates\vc141.pdb
l:\dev\featherfallengine\bin\debug\featherfall-examples\intermediates\vc141.idb
l:\dev\featherfallengine\bin\debug\featherfall-examples\intermediates\texturetestscene.obj
l:\dev\featherfallengine\bin\debug\featherfall-examples\intermediates\texturetestscene.asm
l:\dev\featherfallengine\bin\debug\featherfall-examples\intermediates\testscene.obj
l:\dev\featherfallengine\bin\debug\featherfall-examples\intermediates\testscene.asm
l:\dev\featherfallengine\bin\debug\featherfall-examples\intermediates\simplerendererscene.obj
l:\dev\featherfallengine\bin\debug\featherfall-examples\intermediates\simplerendererscene.asm
l:\dev\featherfallengine\bin\debug\featherfall-examples\intermediates\scene.obj
l:\dev\featherfallengine\bin\debug\featherfall-examples\intermediates\scene.asm
l:\dev\featherfallengine\bin\debug\featherfall-examples\intermediates\sandboxscene.obj
l:\dev\featherfallengine\bin\debug\featherfall-examples\intermediates\sandboxscene.asm
l:\dev\featherfallengine\bin\debug\featherfall-examples\intermediates\mandelbrotscene.obj
l:\dev\featherfallengine\bin\debug\featherfall-examples\intermediates\mandelbrotscene.asm
l:\dev\featherfallengine\bin\debug\featherfall-examples\intermediates\mainmenuscene.obj
l:\dev\featherfallengine\bin\debug\featherfall-examples\intermediates\mainmenuscene.asm
l:\dev\featherfallengine\bin\debug\featherfall-examples\intermediates\layerscene.obj
l:\dev\featherfallengine\bin\debug\featherfall-examples\intermediates\layerscene.asm
l:\dev\featherfallengine\bin\debug\featherfall-examples\intermediates\computeshaderscene.obj
l:\dev\featherfallengine\bin\debug\featherfall-examples\intermediates\computeshaderscene.asm
l:\dev\featherfallengine\bin\debug\featherfall-examples\intermediates\bufferstestscene.obj
l:\dev\featherfallengine\bin\debug\featherfall-examples\intermediates\bufferstestscene.asm
l:\dev\featherfallengine\bin\debug\featherfall-examples\intermediates\boidscene.obj
l:\dev\featherfallengine\bin\debug\featherfall-examples\intermediates\boidscene.asm
l:\dev\featherfallengine\bin\debug\featherfall-examples\intermediates\batchrendererscene.obj
l:\dev\featherfallengine\bin\debug\featherfall-examples\intermediates\batchrendererscene.asm
l:\dev\featherfallengine\bin\debug\featherfall-examples\intermediates\boid.obj
l:\dev\featherfallengine\bin\debug\featherfall-examples\intermediates\boid.asm
l:\dev\featherfallengine\bin\debug\featherfall-examples\intermediates\application.obj
l:\dev\featherfallengine\bin\debug\featherfall-examples\intermediates\application.asm
f:\dev\featherfallengine\bin\debug\featherfall-examples\featherfall-examples.exe
f:\dev\featherfallengine\bin\debug\featherfall-examples\featherfall-examples.ilk
f:\dev\featherfallengine\bin\debug\featherfall-examples\featherfall-examples.pdb
l:\dev\featherfallengine\bin\debug\featherfall-examples\featherfall-examples.exe
l:\dev\featherfallengine\bin\debug\featherfall-examples\featherfall-examples.ilk
l:\dev\featherfallengine\bin\debug\featherfall-examples\featherfall-examples.pdb
l:\dev\featherfallengine\bin\debug\featherfall-examples\intermediates\featherf.78ac7ba9.tlog\cl.command.1.tlog
l:\dev\featherfallengine\bin\debug\featherfall-examples\intermediates\featherf.78ac7ba9.tlog\cl.read.1.tlog
l:\dev\featherfallengine\bin\debug\featherfall-examples\intermediates\featherf.78ac7ba9.tlog\cl.write.1.tlog
l:\dev\featherfallengine\bin\debug\featherfall-examples\intermediates\featherf.78ac7ba9.tlog\link.command.1.tlog
l:\dev\featherfallengine\bin\debug\featherfall-examples\intermediates\featherf.78ac7ba9.tlog\link.read.1.tlog
l:\dev\featherfallengine\bin\debug\featherfall-examples\intermediates\featherf.78ac7ba9.tlog\link.write.1.tlog
