  Application.cpp
  Boid.cpp
l:\dev\featherfallengine\depends\install\include\glm\detail\type_vec4.inl(433): warning C4244: 'argument': conversion from 'U' to 'T', possible loss of data
          with
          [
              U=unsigned __int64
          ]
          and
          [
              T=float
          ]
  l:\dev\featherfallengine\featherfall-examples\src\boids\boid.cpp(88): note: see reference to function template instantiation 'glm::tvec4<float,0> &glm::tvec4<float,0>::operator /=<unsigned __int64>(U)' being compiled
          with
          [
              U=unsigned __int64
          ]
  l:\dev\featherfallengine\featherfall-examples\src\boids\boid.cpp(88): note: see reference to function template instantiation 'glm::tvec4<float,0> &glm::tvec4<float,0>::operator /=<unsigned __int64>(U)' being compiled
          with
          [
              U=unsigned __int64
          ]
  BatchRendererScene.cpp
  BoidScene.cpp
  BuffersTestScene.cpp
  ComputeShaderScene.cpp
  LayerScene.cpp
  MainMenuScene.cpp
  MandelbrotScene.cpp
  Renderer3DScene.cpp
  SandboxScene.cpp
  Scene.cpp
  SimpleRendererScene.cpp
  TestScene.cpp
  TextureTestScene.cpp
  Generating Code...
LINK : warning LNK4098: defaultlib 'MSVCRT' conflicts with use of other libs; use /NODEFAULTLIB:library
  FeatherFall-Examples.vcxproj -> L:\Dev\FeatherFallEngine\bin\Debug\FeatherFall-Examples\FeatherFall-Examples.exe
