f:\dev\featherfallengine\bin\debug\featherfall_engine-core\intermediates\featherfall_engine-core.pdb
f:\dev\featherfallengine\bin\debug\featherfall_engine-core\intermediates\featherfall_engine-core.idb
f:\dev\featherfallengine\bin\debug\featherfall_engine-core\intermediates\stb_image.obj
f:\dev\featherfallengine\bin\debug\featherfall_engine-core\intermediates\imgui_impl_glfw_gl3.obj
f:\dev\featherfallengine\bin\debug\featherfall_engine-core\intermediates\imgui_draw.obj
f:\dev\featherfallengine\bin\debug\featherfall_engine-core\intermediates\imgui_demo.obj
f:\dev\featherfallengine\bin\debug\featherfall_engine-core\intermediates\imgui.obj
f:\dev\featherfallengine\bin\debug\featherfall_engine-core\intermediates\mesh.obj
f:\dev\featherfallengine\bin\debug\featherfall_engine-core\intermediates\logging.obj
f:\dev\featherfallengine\bin\debug\featherfall_engine-core\intermediates\window.obj
f:\dev\featherfallengine\bin\debug\featherfall_engine-core\intermediates\texture.obj
f:\dev\featherfallengine\bin\debug\featherfall_engine-core\intermediates\sprite.obj
f:\dev\featherfallengine\bin\debug\featherfall_engine-core\intermediates\simplerenderer2d.obj
f:\dev\featherfallengine\bin\debug\featherfall_engine-core\intermediates\vao.obj
f:\dev\featherfallengine\bin\debug\featherfall_engine-core\intermediates\shader.obj
f:\dev\featherfallengine\bin\debug\featherfall_engine-core\intermediates\renderable2d.obj
f:\dev\featherfallengine\bin\debug\featherfall_engine-core\intermediates\camera.obj
f:\dev\featherfallengine\bin\debug\featherfall_engine-core\intermediates\batchrenderer2d.obj
f:\dev\featherfallengine\bin\debug\featherfall_engine-core\intermediates\debugging.obj
f:\dev\featherfallengine\bin\debug\featherfall_engine-core\intermediates\vbo.obj
f:\dev\featherfallengine\bin\debug\featherfall_engine-core\intermediates\ibo.obj
f:\dev\featherfallengine\bin\debug\featherfall_engine-core\intermediates\bufferlayout.obj
f:\dev\featherfallengine\bin\debug\featherfall_engine-core\intermediates\layer2d.obj
f:\dev\featherfallengine\bin\debug\featherfall_engine-core\intermediates\layer.obj
l:\dev\featherfallengine\bin\debug\featherfall_engine-core\intermediates\featherfall_engine-core.pdb
l:\dev\featherfallengine\bin\debug\featherfall_engine-core\intermediates\featherfall_engine-core.idb
l:\dev\featherfallengine\bin\debug\featherfall_engine-core\intermediates\imgui_draw.obj
l:\dev\featherfallengine\bin\debug\featherfall_engine-core\intermediates\imgui_demo.obj
l:\dev\featherfallengine\bin\debug\featherfall_engine-core\intermediates\imgui.obj
l:\dev\featherfallengine\bin\debug\featherfall_engine-core\intermediates\mesh.obj
l:\dev\featherfallengine\bin\debug\featherfall_engine-core\intermediates\logging.obj
l:\dev\featherfallengine\bin\debug\featherfall_engine-core\intermediates\layer2d.obj
l:\dev\featherfallengine\bin\debug\featherfall_engine-core\intermediates\layer.obj
l:\dev\featherfallengine\bin\debug\featherfall_engine-core\intermediates\window.obj
l:\dev\featherfallengine\bin\debug\featherfall_engine-core\intermediates\texture.obj
l:\dev\featherfallengine\bin\debug\featherfall_engine-core\intermediates\sprite.obj
l:\dev\featherfallengine\bin\debug\featherfall_engine-core\intermediates\simplerenderer2d.obj
l:\dev\featherfallengine\bin\debug\featherfall_engine-core\intermediates\vao.obj
l:\dev\featherfallengine\bin\debug\featherfall_engine-core\intermediates\shader.obj
l:\dev\featherfallengine\bin\debug\featherfall_engine-core\intermediates\renderable2d.obj
l:\dev\featherfallengine\bin\debug\featherfall_engine-core\intermediates\camera.obj
l:\dev\featherfallengine\bin\debug\featherfall_engine-core\intermediates\batchrenderer2d.obj
l:\dev\featherfallengine\bin\debug\featherfall_engine-core\intermediates\debugging.obj
l:\dev\featherfallengine\bin\debug\featherfall_engine-core\intermediates\vbo.obj
l:\dev\featherfallengine\bin\debug\featherfall_engine-core\intermediates\ibo.obj
l:\dev\featherfallengine\bin\debug\featherfall_engine-core\intermediates\bufferlayout.obj
l:\dev\featherfallengine\bin\debug\featherfall_engine-core\intermediates\stb_image.obj
l:\dev\featherfallengine\bin\debug\featherfall_engine-core\intermediates\imgui_impl_glfw_gl3.obj
f:\dev\featherfallengine\bin\debug\featherfall_engine-core\featherfall_engine-core.lib
l:\dev\featherfallengine\bin\debug\featherfall_engine-core\featherfall_engine-core.lib
l:\dev\featherfallengine\bin\debug\featherfall_engine-core\featherfall_engine-core.pdb
l:\dev\featherfallengine\bin\debug\featherfall_engine-core\intermediates\featherf.9cf74133.tlog\cl.command.1.tlog
l:\dev\featherfallengine\bin\debug\featherfall_engine-core\intermediates\featherf.9cf74133.tlog\cl.read.1.tlog
l:\dev\featherfallengine\bin\debug\featherfall_engine-core\intermediates\featherf.9cf74133.tlog\cl.write.1.tlog
l:\dev\featherfallengine\bin\debug\featherfall_engine-core\intermediates\featherf.9cf74133.tlog\lib-link.read.1.tlog
l:\dev\featherfallengine\bin\debug\featherfall_engine-core\intermediates\featherf.9cf74133.tlog\lib-link.write.1.tlog
l:\dev\featherfallengine\bin\debug\featherfall_engine-core\intermediates\featherf.9cf74133.tlog\lib.command.1.tlog
