  BufferLayout.cpp
  IBO.cpp
  VBO.cpp
  debugging.cpp
  BatchRenderer2D.cpp
  Camera.cpp
  Renderable2D.cpp
  Shader.cpp
  VAO.cpp
l:\dev\featherfallengine\featherfall_engine-core\src\buffers\vao.cpp(33): warning C4312: 'type cast': conversion from 'unsigned int' to 'const void *' of greater size
  SimpleRenderer2D.cpp
  Sprite.cpp
  Texture.cpp
  Window.cpp
c:\program files (x86)\windows kits\10\include\10.0.16299.0\shared\minwindef.h(130): warning C4005: 'APIENTRY': macro redefinition
  l:\dev\featherfallengine\depends\install\include\glfw\glfw3.h(98): note: see previous definition of 'APIENTRY'
  Layer.cpp
c:\program files (x86)\windows kits\10\include\10.0.16299.0\shared\minwindef.h(130): warning C4005: 'APIENTRY': macro redefinition
  l:\dev\featherfallengine\depends\install\include\glfw\glfw3.h(98): note: see previous definition of 'APIENTRY'
  Layer2D.cpp
c:\program files (x86)\windows kits\10\include\10.0.16299.0\shared\minwindef.h(130): warning C4005: 'APIENTRY': macro redefinition
  l:\dev\featherfallengine\depends\install\include\glfw\glfw3.h(98): note: see previous definition of 'APIENTRY'
  Logging.cpp
  Mesh.cpp
  imgui.cpp
  imgui_demo.cpp
  imgui_draw.cpp
  Generating Code...
  Compiling...
  imgui_impl_glfw_gl3.cpp
  stb_image.cpp
  Generating Code...
  FeatherFall_Engine-core.vcxproj -> L:\Dev\FeatherFallEngine\bin\Debug\FeatherFall_Engine-core\FeatherFall_Engine-core.lib
